build/app/intermediates/manifest_merge_blame_file/debug/manifest-merger-blame-debug-report.txt
1<?xml version="1.0" encoding="utf-8"?>
2<manifest xmlns:android="http://schemas.android.com/apk/res/android"
3    package="tn.chamesseddineBA.depannini"
4    android:versionCode="1"
5    android:versionName="1.0.0" >
6
7    <uses-sdk
8        android:minSdkVersion="21"
9        android:targetSdkVersion="31" />
10    <!--
11         Flutter needs it to communicate with the running application
12         to allow setting breakpoints, to provide hot reload, etc.
13    -->
14    <uses-permission android:name="android.permission.INTERNET" />
14-->src\main\AndroidManifest.xml:5:3-64
14-->src\main\AndroidManifest.xml:5:20-62
15    <uses-permission android:name="android.permission.ACCESS_FINE_LOCATION" />
15-->src\main\AndroidManifest.xml:4:3-77
15-->src\main\AndroidManifest.xml:4:20-74
16    <uses-permission android:name="android.permission.READ_EXTERNAL_STORAGE" />
16-->src\main\AndroidManifest.xml:6:3-78
16-->src\main\AndroidManifest.xml:6:20-75
17    <uses-permission android:name="android.permission.WRITE_EXTERNAL_STORAGE" />
17-->src\main\AndroidManifest.xml:7:3-78
17-->src\main\AndroidManifest.xml:7:20-76
18    <uses-permission android:name="android.permission.ACCESS_COARSE_LOCATION" />
18-->src\main\AndroidManifest.xml:8:3-79
18-->src\main\AndroidManifest.xml:8:20-76
19    <uses-permission android:name="android.permission.ACCESS_BACKGROUND_LOCATION" />
19-->src\main\AndroidManifest.xml:9:3-83
19-->src\main\AndroidManifest.xml:9:20-80
20    <uses-permission android:name="android.permission.RECEIVE_BOOT_COMPLETED" />
20-->[:flutter_local_notifications] AndroidManifest.xml:7:5-81
20-->[:flutter_local_notifications] AndroidManifest.xml:7:22-78
21    <uses-permission android:name="android.permission.VIBRATE" />
21-->[:flutter_local_notifications] AndroidManifest.xml:8:5-66
21-->[:flutter_local_notifications] AndroidManifest.xml:8:22-63
22    <uses-permission android:name="android.permission.USE_FULL_SCREEN_INTENT" />
22-->[:flutter_local_notifications] AndroidManifest.xml:9:5-81
22-->[:flutter_local_notifications] AndroidManifest.xml:9:22-78
23    <uses-permission android:name="android.permission.SCHEDULE_EXACT_ALARM" />
23-->[:flutter_local_notifications] AndroidManifest.xml:10:5-79
23-->[:flutter_local_notifications] AndroidManifest.xml:10:22-76
24    <uses-permission android:name="android.permission.REQUEST_INSTALL_PACKAGES" /> <!-- Include required permissions for Google Maps API to run. -->
24-->[:open_file] AndroidManifest.xml:8:5-83
24-->[:open_file] AndroidManifest.xml:8:22-80
25    <uses-permission android:name="android.permission.ACCESS_NETWORK_STATE" />
25-->[com.google.android.gms:play-services-maps:17.0.0] AndroidManifest.xml:23:5-79
25-->[com.google.android.gms:play-services-maps:17.0.0] AndroidManifest.xml:23:22-76
26
27    <uses-feature
27-->[com.google.android.gms:play-services-maps:17.0.0] AndroidManifest.xml:26:5-28:35
28        android:glEsVersion="0x00020000"
28-->[com.google.android.gms:play-services-maps:17.0.0] AndroidManifest.xml:27:9-41
29        android:required="true" />
29-->[com.google.android.gms:play-services-maps:17.0.0] AndroidManifest.xml:28:9-32
30
31    <uses-permission android:name="com.google.android.gms.permission.AD_ID" />
31-->[com.facebook.android:facebook-core:13.1.0] AndroidManifest.xml:28:5-79
31-->[com.facebook.android:facebook-core:13.1.0] AndroidManifest.xml:28:22-76
32    <uses-permission android:name="com.google.android.finsky.permission.BIND_GET_INSTALL_REFERRER_SERVICE" />
32-->[com.android.installreferrer:installreferrer:1.0] AndroidManifest.xml:9:5-110
32-->[com.android.installreferrer:installreferrer:1.0] AndroidManifest.xml:9:22-107
33    <!--
34 io.flutter.app.FlutterApplication is an android.app.Application that
35       calls FlutterMain.startInitialization(this); in its onCreate method.
36       In most cases you can leave this as-is, but you if you want to provide
37       additional functionality it is fine to subclass or reimplement
38       FlutterApplication and put your custom class here.
39    -->
40    <application
41        android:name="android.app.Application"
42        android:appComponentFactory="androidx.core.app.CoreComponentFactory"
42-->[androidx.core:core:1.6.0] AndroidManifest.xml:24:18-86
43        android:debuggable="true"
44        android:icon="@mipmap/ic_launcher"
45        android:label="Depannini"
46        android:supportsRtl="true"
46-->[com.facebook.android:facebook-login:13.1.0] AndroidManifest.xml:28:18-44
47        android:usesCleartextTraffic="true" >
48        <meta-data
49            android:name="com.google.android.geo.API_KEY"
50            android:value="AIzaSyD5Hu4R_V7YwD3b2aOUQFuKGj3AfVPH5uM" />
51
52        <activity
53            android:name="com.example.deppannini.MainActivity"
54            android:configChanges="orientation|keyboardHidden|keyboard|screenSize|locale|layoutDirection|fontScale|screenLayout|density|uiMode"
55            android:hardwareAccelerated="true"
56            android:launchMode="singleTop"
57            android:theme="@style/LaunchTheme"
58            android:windowSoftInputMode="adjustResize" >
59
60            <!--
61                 This keeps the window background of the activity showing
62                 until Flutter renders its first frame. It can be removed if
63                 there is no splash screen (such as the default splash screen
64                 defined in @style/LaunchTheme).
65            -->
66            <intent-filter>
67                <action android:name="android.intent.action.MAIN" />
68
69                <category android:name="android.intent.category.LAUNCHER" />
70            </intent-filter>
71        </activity>
72
73        <meta-data
74            android:name="flutterEmbedding"
75            android:value="2" />
76        <meta-data
77            android:name="com.facebook.sdk.ApplicationId"
78            android:value="@string/facebook_app_id" />
79
80        <activity
81            android:name="com.facebook.FacebookActivity"
82            android:configChanges="keyboard|keyboardHidden|screenLayout|screenSize|orientation"
83            android:label="@string/app_name"
84            android:theme="@style/com_facebook_activity_theme" />
84-->[com.facebook.android:facebook-common:13.1.0] AndroidManifest.xml:33:13-63
85        <activity
86            android:name="com.facebook.CustomTabActivity"
87            android:exported="true" >
88            <intent-filter>
89                <action android:name="android.intent.action.VIEW" />
89-->[com.facebook.android:facebook-common:13.1.0] AndroidManifest.xml:40:17-69
89-->[com.facebook.android:facebook-common:13.1.0] AndroidManifest.xml:40:25-66
90
91                <category android:name="android.intent.category.DEFAULT" />
91-->[com.facebook.android:facebook-common:13.1.0] AndroidManifest.xml:42:17-76
91-->[com.facebook.android:facebook-common:13.1.0] AndroidManifest.xml:42:27-73
92                <category android:name="android.intent.category.BROWSABLE" />
92-->[com.facebook.android:facebook-common:13.1.0] AndroidManifest.xml:43:17-78
92-->[com.facebook.android:facebook-common:13.1.0] AndroidManifest.xml:43:27-75
93
94                <data android:scheme="@string/fb_login_protocol_scheme" />
94-->[com.facebook.android:facebook-common:13.1.0] AndroidManifest.xml:45:17-47:50
94-->[com.facebook.android:facebook-common:13.1.0] AndroidManifest.xml:47:21-47
95            </intent-filter>
96            <intent-filter>
96-->[com.facebook.android:facebook-common:13.1.0] AndroidManifest.xml:39:13-48:29
97                <action android:name="android.intent.action.VIEW" />
97-->[com.facebook.android:facebook-common:13.1.0] AndroidManifest.xml:40:17-69
97-->[com.facebook.android:facebook-common:13.1.0] AndroidManifest.xml:40:25-66
98
99                <category android:name="android.intent.category.DEFAULT" />
99-->[com.facebook.android:facebook-common:13.1.0] AndroidManifest.xml:42:17-76
99-->[com.facebook.android:facebook-common:13.1.0] AndroidManifest.xml:42:27-73
100                <category android:name="android.intent.category.BROWSABLE" />
100-->[com.facebook.android:facebook-common:13.1.0] AndroidManifest.xml:43:17-78
100-->[com.facebook.android:facebook-common:13.1.0] AndroidManifest.xml:43:27-75
101
102                <data
102-->[com.facebook.android:facebook-common:13.1.0] AndroidManifest.xml:45:17-47:50
103                    android:host="cct.tn.chamesseddineBA.depannini"
103-->[com.facebook.android:facebook-common:13.1.0] AndroidManifest.xml:46:21-56
104                    android:scheme="fbconnect" />
104-->[com.facebook.android:facebook-common:13.1.0] AndroidManifest.xml:47:21-47
105            </intent-filter>
106        </activity>
107        <activity
107-->[:url_launcher_android] AndroidManifest.xml:8:9-11:74
108            android:name="io.flutter.plugins.urllauncher.WebViewActivity"
108-->[:url_launcher_android] AndroidManifest.xml:9:13-74
109            android:exported="false"
109-->[:url_launcher_android] AndroidManifest.xml:10:13-37
110            android:theme="@android:style/Theme.NoTitleBar.Fullscreen" />
110-->[:url_launcher_android] AndroidManifest.xml:11:13-71
111
112        <provider
112-->[:image_picker_android] AndroidManifest.xml:8:9-16:20
113            android:name="io.flutter.plugins.imagepicker.ImagePickerFileProvider"
113-->[:image_picker_android] AndroidManifest.xml:9:13-82
114            android:authorities="tn.chamesseddineBA.depannini.flutter.image_provider"
114-->[:image_picker_android] AndroidManifest.xml:10:13-74
115            android:exported="false"
115-->[:image_picker_android] AndroidManifest.xml:11:13-37
116            android:grantUriPermissions="true" >
116-->[:image_picker_android] AndroidManifest.xml:12:13-47
117            <meta-data
117-->[:image_picker_android] AndroidManifest.xml:13:13-15:75
118                android:name="android.support.FILE_PROVIDER_PATHS"
118-->[:image_picker_android] AndroidManifest.xml:14:17-67
119                android:resource="@xml/flutter_image_picker_file_paths" />
119-->[:image_picker_android] AndroidManifest.xml:15:17-72
120        </provider>
121
122        <receiver
122-->[:flutter_local_notifications] AndroidManifest.xml:13:9-15:40
123            android:name="com.dexterous.flutterlocalnotifications.ScheduledNotificationReceiver"
123-->[:flutter_local_notifications] AndroidManifest.xml:14:13-97
124            android:exported="false" />
124-->[:flutter_local_notifications] AndroidManifest.xml:15:13-37
125        <receiver
125-->[:flutter_local_notifications] AndroidManifest.xml:16:9-25:20
126            android:name="com.dexterous.flutterlocalnotifications.ScheduledNotificationBootReceiver"
126-->[:flutter_local_notifications] AndroidManifest.xml:17:13-101
127            android:exported="false" >
127-->[:flutter_local_notifications] AndroidManifest.xml:18:13-37
128            <intent-filter>
128-->[:flutter_local_notifications] AndroidManifest.xml:19:13-24:29
129                <action android:name="android.intent.action.BOOT_COMPLETED" />
129-->[:flutter_local_notifications] AndroidManifest.xml:20:17-79
129-->[:flutter_local_notifications] AndroidManifest.xml:20:25-76
130                <action android:name="android.intent.action.MY_PACKAGE_REPLACED" />
130-->[:flutter_local_notifications] AndroidManifest.xml:21:17-84
130-->[:flutter_local_notifications] AndroidManifest.xml:21:25-81
131                <action android:name="android.intent.action.QUICKBOOT_POWERON" />
131-->[:flutter_local_notifications] AndroidManifest.xml:22:17-82
131-->[:flutter_local_notifications] AndroidManifest.xml:22:25-79
132                <action android:name="com.htc.intent.action.QUICKBOOT_POWERON" />
132-->[:flutter_local_notifications] AndroidManifest.xml:23:17-82
132-->[:flutter_local_notifications] AndroidManifest.xml:23:25-79
133            </intent-filter>
134        </receiver>
135
136        <provider
136-->[:open_file] AndroidManifest.xml:12:9-21:20
137            android:name="com.crazecoder.openfile.FileProvider"
137-->[:open_file] AndroidManifest.xml:13:13-64
138            android:authorities="tn.chamesseddineBA.depannini.fileProvider.com.crazecoder.openfile"
138-->[:open_file] AndroidManifest.xml:14:13-88
139            android:exported="false"
139-->[:open_file] AndroidManifest.xml:15:13-37
140            android:grantUriPermissions="true" >
140-->[:open_file] AndroidManifest.xml:16:13-47
141            <meta-data
141-->[:image_picker_android] AndroidManifest.xml:13:13-15:75
142                android:name="android.support.FILE_PROVIDER_PATHS"
142-->[:image_picker_android] AndroidManifest.xml:14:17-67
143                android:resource="@xml/filepaths" />
143-->[:image_picker_android] AndroidManifest.xml:15:17-72
144        </provider>
145
146        <uses-library
146-->[androidx.window:window:1.0.0-beta04] AndroidManifest.xml:25:9-27:40
147            android:name="androidx.window.extensions"
147-->[androidx.window:window:1.0.0-beta04] AndroidManifest.xml:26:13-54
148            android:required="false" />
148-->[androidx.window:window:1.0.0-beta04] AndroidManifest.xml:27:13-37
149        <uses-library
149-->[androidx.window:window:1.0.0-beta04] AndroidManifest.xml:28:9-30:40
150            android:name="androidx.window.sidecar"
150-->[androidx.window:window:1.0.0-beta04] AndroidManifest.xml:29:13-51
151            android:required="false" /> <!-- Needs to be explicitly declared on P+ -->
151-->[androidx.window:window:1.0.0-beta04] AndroidManifest.xml:30:13-37
152        <uses-library
152-->[com.google.android.gms:play-services-maps:17.0.0] AndroidManifest.xml:33:9-35:40
153            android:name="org.apache.http.legacy"
153-->[com.google.android.gms:play-services-maps:17.0.0] AndroidManifest.xml:34:13-50
154            android:required="false" />
154-->[com.google.android.gms:play-services-maps:17.0.0] AndroidManifest.xml:35:13-37
155
156        <activity
156-->[com.google.android.gms:play-services-auth:19.2.0] AndroidManifest.xml:23:9-27:75
157            android:name="com.google.android.gms.auth.api.signin.internal.SignInHubActivity"
157-->[com.google.android.gms:play-services-auth:19.2.0] AndroidManifest.xml:24:13-93
158            android:excludeFromRecents="true"
158-->[com.google.android.gms:play-services-auth:19.2.0] AndroidManifest.xml:25:13-46
159            android:exported="false"
159-->[com.google.android.gms:play-services-auth:19.2.0] AndroidManifest.xml:26:13-37
160            android:theme="@android:style/Theme.Translucent.NoTitleBar" />
160-->[com.google.android.gms:play-services-auth:19.2.0] AndroidManifest.xml:27:13-72
161        <!--
162            Service handling Google Sign-In user revocation. For apps that do not integrate with
163            Google Sign-In, this service will never be started.
164        -->
165        <service
165-->[com.google.android.gms:play-services-auth:19.2.0] AndroidManifest.xml:33:9-37:51
166            android:name="com.google.android.gms.auth.api.signin.RevocationBoundService"
166-->[com.google.android.gms:play-services-auth:19.2.0] AndroidManifest.xml:34:13-89
167            android:exported="true"
167-->[com.google.android.gms:play-services-auth:19.2.0] AndroidManifest.xml:35:13-36
168            android:permission="com.google.android.gms.auth.api.signin.permission.REVOCATION_NOTIFICATION"
168-->[com.google.android.gms:play-services-auth:19.2.0] AndroidManifest.xml:36:13-107
169            android:visibleToInstantApps="true" />
169-->[com.google.android.gms:play-services-auth:19.2.0] AndroidManifest.xml:37:13-48
170
171        <activity
171-->[com.google.android.gms:play-services-base:17.5.0] AndroidManifest.xml:23:9-26:75
172            android:name="com.google.android.gms.common.api.GoogleApiActivity"
172-->[com.google.android.gms:play-services-base:17.5.0] AndroidManifest.xml:24:13-79
173            android:exported="false"
173-->[com.google.android.gms:play-services-base:17.5.0] AndroidManifest.xml:25:13-37
174            android:theme="@android:style/Theme.Translucent.NoTitleBar" />
174-->[com.google.android.gms:play-services-base:17.5.0] AndroidManifest.xml:26:13-72
175
176        <meta-data
176-->[com.google.android.gms:play-services-basement:17.5.0] AndroidManifest.xml:23:9-25:69
177            android:name="com.google.android.gms.version"
177-->[com.google.android.gms:play-services-basement:17.5.0] AndroidManifest.xml:24:13-58
178            android:value="@integer/google_play_services_version" />
178-->[com.google.android.gms:play-services-basement:17.5.0] AndroidManifest.xml:25:13-66
179
180        <activity android:name="com.facebook.CustomTabMainActivity" />
180-->[com.facebook.android:facebook-common:13.1.0] AndroidManifest.xml:34:9-71
180-->[com.facebook.android:facebook-common:13.1.0] AndroidManifest.xml:34:19-68
181        <!--
182         The initialization ContentProvider will call FacebookSdk.sdkInitialize automatically
183         with the application context. This config is merged in with the host app's manifest,
184         but there can only be one provider with the same authority activated at any given
185         point; so if the end user has two or more different apps that use Facebook SDK, only the
186         first one will be able to use the provider. To work around this problem, we use the
187         following placeholder in the authority to identify each host application as if it was
188         a completely different provider.
189        -->
190        <provider
190-->[com.facebook.android:facebook-core:13.1.0] AndroidManifest.xml:41:9-44:40
191            android:name="com.facebook.internal.FacebookInitProvider"
191-->[com.facebook.android:facebook-core:13.1.0] AndroidManifest.xml:42:13-70
192            android:authorities="tn.chamesseddineBA.depannini.FacebookInitProvider"
192-->[com.facebook.android:facebook-core:13.1.0] AndroidManifest.xml:43:13-72
193            android:exported="false" />
193-->[com.facebook.android:facebook-core:13.1.0] AndroidManifest.xml:44:13-37
194
195        <receiver
195-->[com.facebook.android:facebook-core:13.1.0] AndroidManifest.xml:46:9-52:20
196            android:name="com.facebook.CurrentAccessTokenExpirationBroadcastReceiver"
196-->[com.facebook.android:facebook-core:13.1.0] AndroidManifest.xml:47:13-86
197            android:exported="false" >
197-->[com.facebook.android:facebook-core:13.1.0] AndroidManifest.xml:48:13-37
198            <intent-filter>
198-->[com.facebook.android:facebook-core:13.1.0] AndroidManifest.xml:49:13-51:29
199                <action android:name="com.facebook.sdk.ACTION_CURRENT_ACCESS_TOKEN_CHANGED" />
199-->[com.facebook.android:facebook-core:13.1.0] AndroidManifest.xml:50:17-95
199-->[com.facebook.android:facebook-core:13.1.0] AndroidManifest.xml:50:25-92
200            </intent-filter>
201        </receiver>
202        <receiver
202-->[com.facebook.android:facebook-core:13.1.0] AndroidManifest.xml:53:9-59:20
203            android:name="com.facebook.AuthenticationTokenManager$CurrentAuthenticationTokenChangedBroadcastReceiver"
203-->[com.facebook.android:facebook-core:13.1.0] AndroidManifest.xml:54:13-118
204            android:exported="false" >
204-->[com.facebook.android:facebook-core:13.1.0] AndroidManifest.xml:55:13-37
205            <intent-filter>
205-->[com.facebook.android:facebook-core:13.1.0] AndroidManifest.xml:56:13-58:29
206                <action android:name="com.facebook.sdk.ACTION_CURRENT_AUTHENTICATION_TOKEN_CHANGED" />
206-->[com.facebook.android:facebook-core:13.1.0] AndroidManifest.xml:57:17-103
206-->[com.facebook.android:facebook-core:13.1.0] AndroidManifest.xml:57:25-100
207            </intent-filter>
208        </receiver>
209    </application>
210
211</manifest>